[debug] [2020-05-01T22:09:01.270Z] ----------------------------------------------------------------------
[debug] [2020-05-01T22:09:01.272Z] Command:       C:\Program Files\nodejs\node.exe C:\Users\User\AppData\Roaming\npm\node_modules\firebase-tools\lib\bin\firebase.js init
[debug] [2020-05-01T22:09:01.272Z] CLI Version:   8.2.0
[debug] [2020-05-01T22:09:01.272Z] Platform:      win32
[debug] [2020-05-01T22:09:01.272Z] Node Version:  v13.12.0
[debug] [2020-05-01T22:09:01.273Z] Time:          Sat May 02 2020 02:09:01 GMT+0400 (Azerbaijan Standard Time)
[debug] [2020-05-01T22:09:01.273Z] ----------------------------------------------------------------------
[debug] [2020-05-01T22:09:01.273Z] 
[debug] [2020-05-01T22:09:01.279Z] > command requires scopes: ["email","openid","https://www.googleapis.com/auth/cloudplatformprojects.readonly","https://www.googleapis.com/auth/firebase","https://www.googleapis.com/auth/cloud-platform"]
[debug] [2020-05-01T22:09:01.279Z] > authorizing via signed-in user
[info] 
     ######## #### ########  ######## ########     ###     ######  ########
     ##        ##  ##     ## ##       ##     ##  ##   ##  ##       ##
     ######    ##  ########  ######   ########  #########  ######  ######
     ##        ##  ##    ##  ##       ##     ## ##     ##       ## ##
     ##       #### ##     ## ######## ########  ##     ##  ######  ########

You're about to initialize a Firebase project in this directory:

  C:\Users\User\Documents\GitHub\YuxusuQacanlar\yuxusuqacanlar

[info] 
=== Project Setup
[info] 
[info] First, let's associate this project directory with a Firebase project.
[info] You can create multiple project aliases by running firebase use --add, 
[info] but for now we'll just set up a default project.
[info] 
[debug] [2020-05-01T22:09:25.088Z] > refreshing access token with scopes: ["email","https://www.googleapis.com/auth/cloud-platform","https://www.googleapis.com/auth/cloudplatformprojects.readonly","https://www.googleapis.com/auth/firebase","openid"]
[debug] [2020-05-01T22:09:25.089Z] >>> HTTP REQUEST POST https://www.googleapis.com/oauth2/v3/token  
 <request body omitted>
[debug] [2020-05-01T22:09:25.101Z] Authentication Error: Your credentials are no longer valid. Please run firebase login --reauth

For CI servers and headless environments, generate a new token with firebase login:ci
[debug] [2020-05-01T22:09:46.108Z] FirebaseError: Authentication Error: Your credentials are no longer valid. Please run firebase login --reauth

For CI servers and headless environments, generate a new token with firebase login:ci
    at Object.<anonymous> (C:\Users\User\AppData\Roaming\npm\node_modules\firebase-tools\lib\auth.js:23:32)
    at Module._compile (internal/modules/cjs/loader.js:1147:30)
    at Object.Module._extensions..js (internal/modules/cjs/loader.js:1167:10)
    at Module.load (internal/modules/cjs/loader.js:996:32)
    at Function.Module._load (internal/modules/cjs/loader.js:896:14)
    at Module.require (internal/modules/cjs/loader.js:1036:19)
    at require (internal/modules/cjs/helpers.js:72:18)
    at Object.<anonymous> (C:\Users\User\AppData\Roaming\npm\node_modules\firebase-tools\lib\commands\login.js:20:14)
    at Module._compile (internal/modules/cjs/loader.js:1147:30)
    at Object.Module._extensions..js (internal/modules/cjs/loader.js:1167:10)
    at Module.load (internal/modules/cjs/loader.js:996:32)
    at Function.Module._load (internal/modules/cjs/loader.js:896:14)
    at Module.require (internal/modules/cjs/loader.js:1036:19)
    at require (internal/modules/cjs/helpers.js:72:18)
    at loadCommand (C:\Users\User\AppData\Roaming\npm\node_modules\firebase-tools\lib\commands\index.js:5:19)
    at module.exports (C:\Users\User\AppData\Roaming\npm\node_modules\firebase-tools\lib\commands\index.js:84:20)
[error] 
[error] Error: Failed to list Firebase projects. See firebase-debug.log for more info.
